-------------------------------------------------------------------------------
Test set: com.cts.microservices.productcatalogservice.ProductcatalogserviceApplicationTests
-------------------------------------------------------------------------------
Tests run: 1, Failures: 0, Errors: 1, Skipped: 0, Time elapsed: 0.981 s <<< FAILURE! - in com.cts.microservices.productcatalogservice.ProductcatalogserviceApplicationTests
com.cts.microservices.productcatalogservice.ProductcatalogserviceApplicationTests  Time elapsed: 0.979 s  <<< ERROR!
java.lang.IllegalStateException: Found multiple @SpringBootConfiguration annotated classes [Generic bean: class [com.cts.microservices.productcatalogservice.LoadSearchDataApplication]; scope=; abstract=false; lazyInit=null; autowireMode=0; dependencyCheck=0; autowireCandidate=true; primary=false; factoryBeanName=null; factoryMethodName=null; initMethodName=null; destroyMethodName=null; defined in file [C:\Quantum\ADM Bootup\productcatalogservice\productcatalogservice\productcatalogservice\target\classes\com\cts\microservices\productcatalogservice\LoadSearchDataApplication.class], Generic bean: class [com.cts.microservices.productcatalogservice.ProductcatalogserviceApplication]; scope=; abstract=false; lazyInit=null; autowireMode=0; dependencyCheck=0; autowireCandidate=true; primary=false; factoryBeanName=null; factoryMethodName=null; initMethodName=null; destroyMethodName=null; defined in file [C:\Quantum\ADM Bootup\productcatalogservice\productcatalogservice\productcatalogservice\target\classes\com\cts\microservices\productcatalogservice\ProductcatalogserviceApplication.class]]

