<?xml version="1.0" encoding="UTF-8"?>
<testsuite xmlns:xsi="http://www.w3.org/2001/XMLSchema-instance" xsi:noNamespaceSchemaLocation="https://maven.apache.org/surefire/maven-surefire-plugin/xsd/surefire-test-report.xsd" name="com.cts.microservices.productcatalogservice.ProductcatalogserviceApplicationTests" time="0.981" tests="1" errors="1" skipped="0" failures="0">
  <properties>
[...]
</properties>
  <testcase name="com.cts.microservices.productcatalogservice.ProductcatalogserviceApplicationTests" classname="com.cts.microservices.productcatalogservice.ProductcatalogserviceApplicationTests" time="0.979">
    <error message="Found multiple @SpringBootConfiguration annotated classes [Generic bean: class [com.cts.microservices.productcatalogservice.LoadSearchDataApplication]; scope=; abstract=false; lazyInit=null; autowireMode=0; dependencyCheck=0; autowireCandidate=true; primary=false; factoryBeanName=null; factoryMethodName=null; initMethodName=null; destroyMethodName=null; defined in file [C:\Quantum\ADM Bootup\productcatalogservice\productcatalogservice\productcatalogservice\target\classes\com\cts\microservices\productcatalogservice\LoadSearchDataApplication.class], Generic bean: class [com.cts.microservices.productcatalogservice.ProductcatalogserviceApplication]; scope=; abstract=false; lazyInit=null; autowireMode=0; dependencyCheck=0; autowireCandidate=true; primary=false; factoryBeanName=null; factoryMethodName=null; initMethodName=null; destroyMethodName=null; defined in file [C:\Quantum\ADM Bootup\productcatalogservice\productcatalogservice\productcatalogservice\target\classes\com\cts\microservices\productcatalogservice\ProductcatalogserviceApplication.class]]" type="java.lang.IllegalStateException">java.lang.IllegalStateException: Found multiple @SpringBootConfiguration annotated classes [Generic bean: class [com.cts.microservices.productcatalogservice.LoadSearchDataApplication]; scope=; abstract=false; lazyInit=null; autowireMode=0; dependencyCheck=0; autowireCandidate=true; primary=false; factoryBeanName=null; factoryMethodName=null; initMethodName=null; destroyMethodName=null; defined in file [C:\Quantum\ADM Bootup\productcatalogservice\productcatalogservice\productcatalogservice\target\classes\com\cts\microservices\productcatalogservice\LoadSearchDataApplication.class], Generic bean: class [com.cts.microservices.productcatalogservice.ProductcatalogserviceApplication]; scope=; abstract=false; lazyInit=null; autowireMode=0; dependencyCheck=0; autowireCandidate=true; primary=false; factoryBeanName=null; factoryMethodName=null; initMethodName=null; destroyMethodName=null; defined in file [C:\Quantum\ADM Bootup\productcatalogservice\productcatalogservice\productcatalogservice\target\classes\com\cts\microservices\productcatalogservice\ProductcatalogserviceApplication.class]]
</error>
    <system-out><![CDATA[10:05:19.937 [main] DEBUG org.springframework.test.context.BootstrapUtils - Instantiating CacheAwareContextLoaderDelegate from class [org.springframework.test.context.cache.DefaultCacheAwareContextLoaderDelegate]
10:05:19.988 [main] DEBUG org.springframework.test.context.BootstrapUtils - Instantiating BootstrapContext using constructor [public org.springframework.test.context.support.DefaultBootstrapContext(java.lang.Class,org.springframework.test.context.CacheAwareContextLoaderDelegate)]
10:05:20.094 [main] DEBUG org.springframework.test.context.BootstrapUtils - Instantiating TestContextBootstrapper for test class [com.cts.microservices.productcatalogservice.ProductcatalogserviceApplicationTests] from class [org.springframework.boot.test.context.SpringBootTestContextBootstrapper]
10:05:20.150 [main] INFO org.springframework.boot.test.context.SpringBootTestContextBootstrapper - Neither @ContextConfiguration nor @ContextHierarchy found for test class [com.cts.microservices.productcatalogservice.ProductcatalogserviceApplicationTests], using SpringBootContextLoader
10:05:20.162 [main] DEBUG org.springframework.test.context.support.AbstractContextLoader - Did not detect default resource location for test class [com.cts.microservices.productcatalogservice.ProductcatalogserviceApplicationTests]: class path resource [com/cts/microservices/productcatalogservice/ProductcatalogserviceApplicationTests-context.xml] does not exist
10:05:20.163 [main] DEBUG org.springframework.test.context.support.AbstractContextLoader - Did not detect default resource location for test class [com.cts.microservices.productcatalogservice.ProductcatalogserviceApplicationTests]: class path resource [com/cts/microservices/productcatalogservice/ProductcatalogserviceApplicationTestsContext.groovy] does not exist
10:05:20.163 [main] INFO org.springframework.test.context.support.AbstractContextLoader - Could not detect default resource locations for test class [com.cts.microservices.productcatalogservice.ProductcatalogserviceApplicationTests]: no resource found for suffixes {-context.xml, Context.groovy}.
10:05:20.165 [main] INFO org.springframework.test.context.support.AnnotationConfigContextLoaderUtils - Could not detect default configuration classes for test class [com.cts.microservices.productcatalogservice.ProductcatalogserviceApplicationTests]: ProductcatalogserviceApplicationTests does not declare any static, non-private, non-final, nested classes annotated with @Configuration.
10:05:20.335 [main] DEBUG org.springframework.test.context.support.ActiveProfilesUtils - Could not find an 'annotation declaring class' for annotation type [org.springframework.test.context.ActiveProfiles] and class [com.cts.microservices.productcatalogservice.ProductcatalogserviceApplicationTests]
10:05:20.607 [main] DEBUG org.springframework.context.annotation.ClassPathScanningCandidateComponentProvider - Identified candidate component class: file [C:\Quantum\ADM Bootup\productcatalogservice\productcatalogservice\productcatalogservice\target\classes\com\cts\microservices\productcatalogservice\LoadSearchDataApplication.class]
10:05:20.608 [main] DEBUG org.springframework.context.annotation.ClassPathScanningCandidateComponentProvider - Identified candidate component class: file [C:\Quantum\ADM Bootup\productcatalogservice\productcatalogservice\productcatalogservice\target\classes\com\cts\microservices\productcatalogservice\ProductcatalogserviceApplication.class]
10:05:20.613 [main] DEBUG org.springframework.test.context.BootstrapUtils - Instantiating CacheAwareContextLoaderDelegate from class [org.springframework.test.context.cache.DefaultCacheAwareContextLoaderDelegate]
10:05:20.613 [main] DEBUG org.springframework.test.context.BootstrapUtils - Instantiating BootstrapContext using constructor [public org.springframework.test.context.support.DefaultBootstrapContext(java.lang.Class,org.springframework.test.context.CacheAwareContextLoaderDelegate)]
10:05:20.614 [main] DEBUG org.springframework.test.context.BootstrapUtils - Instantiating TestContextBootstrapper for test class [com.cts.microservices.productcatalogservice.ProductcatalogserviceApplicationTests] from class [org.springframework.boot.test.context.SpringBootTestContextBootstrapper]
10:05:20.615 [main] INFO org.springframework.boot.test.context.SpringBootTestContextBootstrapper - Neither @ContextConfiguration nor @ContextHierarchy found for test class [com.cts.microservices.productcatalogservice.ProductcatalogserviceApplicationTests], using SpringBootContextLoader
10:05:20.616 [main] DEBUG org.springframework.test.context.support.AbstractContextLoader - Did not detect default resource location for test class [com.cts.microservices.productcatalogservice.ProductcatalogserviceApplicationTests]: class path resource [com/cts/microservices/productcatalogservice/ProductcatalogserviceApplicationTests-context.xml] does not exist
10:05:20.617 [main] DEBUG org.springframework.test.context.support.AbstractContextLoader - Did not detect default resource location for test class [com.cts.microservices.productcatalogservice.ProductcatalogserviceApplicationTests]: class path resource [com/cts/microservices/productcatalogservice/ProductcatalogserviceApplicationTestsContext.groovy] does not exist
10:05:20.618 [main] INFO org.springframework.test.context.support.AbstractContextLoader - Could not detect default resource locations for test class [com.cts.microservices.productcatalogservice.ProductcatalogserviceApplicationTests]: no resource found for suffixes {-context.xml, Context.groovy}.
10:05:20.618 [main] INFO org.springframework.test.context.support.AnnotationConfigContextLoaderUtils - Could not detect default configuration classes for test class [com.cts.microservices.productcatalogservice.ProductcatalogserviceApplicationTests]: ProductcatalogserviceApplicationTests does not declare any static, non-private, non-final, nested classes annotated with @Configuration.
10:05:20.622 [main] DEBUG org.springframework.test.context.support.ActiveProfilesUtils - Could not find an 'annotation declaring class' for annotation type [org.springframework.test.context.ActiveProfiles] and class [com.cts.microservices.productcatalogservice.ProductcatalogserviceApplicationTests]
10:05:20.633 [main] DEBUG org.springframework.context.annotation.ClassPathScanningCandidateComponentProvider - Identified candidate component class: file [C:\Quantum\ADM Bootup\productcatalogservice\productcatalogservice\productcatalogservice\target\classes\com\cts\microservices\productcatalogservice\LoadSearchDataApplication.class]
10:05:20.634 [main] DEBUG org.springframework.context.annotation.ClassPathScanningCandidateComponentProvider - Identified candidate component class: file [C:\Quantum\ADM Bootup\productcatalogservice\productcatalogservice\productcatalogservice\target\classes\com\cts\microservices\productcatalogservice\ProductcatalogserviceApplication.class]
10:05:20.635 [main] DEBUG org.springframework.test.context.BootstrapUtils - Instantiating CacheAwareContextLoaderDelegate from class [org.springframework.test.context.cache.DefaultCacheAwareContextLoaderDelegate]
10:05:20.636 [main] DEBUG org.springframework.test.context.BootstrapUtils - Instantiating BootstrapContext using constructor [public org.springframework.test.context.support.DefaultBootstrapContext(java.lang.Class,org.springframework.test.context.CacheAwareContextLoaderDelegate)]
10:05:20.636 [main] DEBUG org.springframework.test.context.BootstrapUtils - Instantiating TestContextBootstrapper for test class [com.cts.microservices.productcatalogservice.ProductcatalogserviceApplicationTests] from class [org.springframework.boot.test.context.SpringBootTestContextBootstrapper]
10:05:20.639 [main] INFO org.springframework.boot.test.context.SpringBootTestContextBootstrapper - Neither @ContextConfiguration nor @ContextHierarchy found for test class [com.cts.microservices.productcatalogservice.ProductcatalogserviceApplicationTests], using SpringBootContextLoader
10:05:20.641 [main] DEBUG org.springframework.test.context.support.AbstractContextLoader - Did not detect default resource location for test class [com.cts.microservices.productcatalogservice.ProductcatalogserviceApplicationTests]: class path resource [com/cts/microservices/productcatalogservice/ProductcatalogserviceApplicationTests-context.xml] does not exist
10:05:20.642 [main] DEBUG org.springframework.test.context.support.AbstractContextLoader - Did not detect default resource location for test class [com.cts.microservices.productcatalogservice.ProductcatalogserviceApplicationTests]: class path resource [com/cts/microservices/productcatalogservice/ProductcatalogserviceApplicationTestsContext.groovy] does not exist
10:05:20.642 [main] INFO org.springframework.test.context.support.AbstractContextLoader - Could not detect default resource locations for test class [com.cts.microservices.productcatalogservice.ProductcatalogserviceApplicationTests]: no resource found for suffixes {-context.xml, Context.groovy}.
10:05:20.643 [main] INFO org.springframework.test.context.support.AnnotationConfigContextLoaderUtils - Could not detect default configuration classes for test class [com.cts.microservices.productcatalogservice.ProductcatalogserviceApplicationTests]: ProductcatalogserviceApplicationTests does not declare any static, non-private, non-final, nested classes annotated with @Configuration.
10:05:20.647 [main] DEBUG org.springframework.test.context.support.ActiveProfilesUtils - Could not find an 'annotation declaring class' for annotation type [org.springframework.test.context.ActiveProfiles] and class [com.cts.microservices.productcatalogservice.ProductcatalogserviceApplicationTests]
10:05:20.661 [main] DEBUG org.springframework.context.annotation.ClassPathScanningCandidateComponentProvider - Identified candidate component class: file [C:\Quantum\ADM Bootup\productcatalogservice\productcatalogservice\productcatalogservice\target\classes\com\cts\microservices\productcatalogservice\LoadSearchDataApplication.class]
10:05:20.663 [main] DEBUG org.springframework.context.annotation.ClassPathScanningCandidateComponentProvider - Identified candidate component class: file [C:\Quantum\ADM Bootup\productcatalogservice\productcatalogservice\productcatalogservice\target\classes\com\cts\microservices\productcatalogservice\ProductcatalogserviceApplication.class]
]]></system-out>
  </testcase>
</testsuite>